<?xml version="1.0" encoding="UTF-8" ?>
<testsuites>
  <testsuite errors="0" failures="0" hostname="DD-8MR3SW1" id="0" name="MySuiteRunner" package="testPackage" skipped="0" tests="2" time="33.234" timestamp="2015-01-13T21:17:48">
      <properties>
[...]
</properties>

      <testcase classname="testPackage.ValidLogInInfo" name="ValidInfo[0]" time="18.617" />

      <testcase classname="testPackage.InvalidInfo" name="invalidInfo[0]" time="7.838" />

      <system-out><![CDATA[Firefox has been Selected
----------------------------------------------------
Actual is:==== Joyar Rahim Expected is:==== Joyar Rahim
Log in with valid info test case compleated
Firefox has been Selected
----------------------------------------------------
Actual is:==== The username and password entered were not found. Please try again. Expected is:==== The username and password entered were not found. Please try again.
Invalid Info test cases ran completly
]]></system-out>

      <system-err><![CDATA[]]></system-err>

  </testsuite>
</testsuites>
